<?xml version="1.0" encoding="UTF-8"?>
<!-- Generated by org.testng.reporters.JUnitReportReporter -->
<testsuite hostname="BLR1-LDL-33163" name="com.pavan.testcases.Test_Login" tests="1" failures="0" timestamp="27 Mar 2017 16:57:59 GMT" time="10.989" errors="0">
  <testcase name="test1" time="10.989" classname="com.pavan.testcases.Test_Login"/>
</testsuite> <!-- com.pavan.testcases.Test_Login -->
